<?xml version="1.0" encoding="utf-8"?><testsuites name="pytest tests"><testsuite name="pytest" errors="0" failures="0" skipped="0" tests="5" time="0.990" timestamp="2026-06-25T09:07:29.605701+00:00" hostname="agent-env-5546835f-0a3b-476d-842b-d9f002a978cf"><testcase classname="backend.tests.test_inquiries_limits" name="test_create_inquiry_monthly_with_5_numbers_success" time="0.339" /><testcase classname="backend.tests.test_inquiries_limits" name="test_create_inquiry_monthly_rejects_more_than_5" time="0.098" /><testcase classname="backend.tests.test_inquiries_limits" name="test_create_inquiry_lifetime_rejects_more_than_3" time="0.149" /><testcase classname="backend.tests.test_inquiries_limits" name="test_create_inquiry_rejects_false_terms" time="0.094" /><testcase classname="backend.tests.test_inquiries_limits" name="test_create_inquiry_rejects_invalid_number_length" time="0.098" /></testsuite></testsuites>