<?xml version="1.0" encoding="utf-8"?><testsuites name="pytest tests"><testsuite name="pytest" errors="0" failures="0" skipped="0" tests="6" time="1.152" timestamp="2026-06-25T12:41:36.669300+00:00" hostname="agent-env-5546835f-0a3b-476d-842b-d9f002a978cf"><testcase classname="backend.tests.test_landingpage_api_contract" name="test_status_create_and_list_persistence" time="0.301" /><testcase classname="backend.tests.test_landingpage_api_contract" name="test_create_inquiry_success_and_persistence_with_full_payload" time="0.155" /><testcase classname="backend.tests.test_landingpage_api_contract" name="test_create_inquiry_missing_confirmation_rejected" time="0.127" /><testcase classname="backend.tests.test_landingpage_api_contract" name="test_create_inquiry_monthly_number_limit_rejected" time="0.095" /><testcase classname="backend.tests.test_landingpage_api_contract" name="test_create_inquiry_lifetime_number_limit_rejected" time="0.104" /><testcase classname="backend.tests.test_landingpage_api_contract" name="test_smtp_missing_fallback_still_saves_request" time="0.206" /></testsuite></testsuites>