<?xml version="1.0" encoding="utf-8"?><testsuites name="pytest tests"><testsuite name="pytest" errors="0" failures="0" skipped="0" tests="4" time="0.646" timestamp="2026-06-25T12:51:16.458154+00:00" hostname="agent-env-5546835f-0a3b-476d-842b-d9f002a978cf"><testcase classname="backend.tests.test_iteration3_reduced_inquiry_contract" name="test_api_root_reachable" time="0.213" /><testcase classname="backend.tests.test_iteration3_reduced_inquiry_contract" name="test_create_inquiry_reduced_payload_success_and_persistence" time="0.152" /><testcase classname="backend.tests.test_iteration3_reduced_inquiry_contract" name="test_create_inquiry_rejects_missing_business_account_name" time="0.111" /><testcase classname="backend.tests.test_iteration3_reduced_inquiry_contract" name="test_create_inquiry_rejects_lifetime_above_3_numbers" time="0.095" /></testsuite></testsuites>